2014-07-22 17:36:39 [Info] :test log 
2014-07-22 17:36:57 [Info] :begin process. 
2014-07-22 18:09:52 [Info] :test log 
2014-07-22 18:10:56 [Info] :test log 
2014-07-22 18:11:02 [Info] :begin process. 
2014-07-22 18:58:32 [Info] :test log 
2014-07-22 19:00:27 [Info] :test log 
2014-07-22 19:01:10 [Info] :test log 
2014-07-22 19:01:24 [Info] :begin process. 
2014-07-22 19:02:25 [Info] :test log 
2014-07-22 19:02:37 [Info] :begin process. 
2014-07-22 19:02:37 [Error] :指定されたキャストは有効ではありません。 
2014-07-22 19:02:49 [Info] :test log 
2014-07-22 19:03:20 [Info] :begin process. 
2014-07-22 19:03:20 [Error] :指定されたキャストは有効ではありません。 
2014-07-22 19:05:00 [Info] :test log 
2014-07-22 19:05:16 [Info] :test log 
2014-07-22 19:05:37 [Info] :begin process. 
2014-07-22 19:05:37 [Error] :指定されたキャストは有効ではありません。 
2014-07-22 19:05:52 [Info] :test log 
2014-07-23 10:03:40 [Info] :test log 
2014-07-23 10:03:56 [Info] :begin process. 
2014-07-23 10:04:12 [Error] :指定されたキャストは有効ではありません。 
2014-07-23 10:04:12 [Info] :test log 
2014-07-23 10:04:20 [Info] :begin process. 
2014-07-23 10:05:20 [Error] :指定されたキャストは有効ではありません。 
2014-07-23 10:05:21 [Info] :test log 
2014-07-23 10:05:28 [Info] :begin process. 
2014-07-23 10:07:04 [Error] :指定されたキャストは有効ではありません。 
2014-07-23 10:07:04 [Info] :test log 
2014-07-23 10:10:07 [Info] :test log 
2014-07-23 10:10:29 [Info] :begin process. 
2014-07-23 10:10:43 [Error] :SQLite error
no such column: id 
2014-07-23 10:10:43 [Info] :test log 
2014-07-23 10:10:51 [Info] :begin process. 
2014-07-23 10:11:59 [Error] :SQLite error
no such column: id 
2014-07-23 10:11:59 [Info] :test log 
2014-07-23 10:15:14 [Info] :test log 
2014-07-23 10:15:25 [Info] :begin process. 
2014-07-23 10:15:33 [Error] :指定されたキャストは有効ではありません。 
2014-07-23 10:15:33 [Info] :test log 
2014-07-23 10:15:41 [Info] :begin process. 
2014-07-23 10:15:55 [Error] :指定されたキャストは有効ではありません。 
2014-07-23 10:15:55 [Info] :test log 
2014-07-23 10:16:58 [Info] :test log 
2014-07-23 10:17:09 [Info] :begin process. 
2014-07-23 10:17:28 [Info] :test log 
2014-07-23 11:51:37 [Info] :test log 
2014-07-23 11:51:41 [Info] :test log 
2014-07-23 11:52:01 [Info] :test log 
2014-07-23 11:53:12 [Info] :test log 
2014-07-23 11:56:05 [Info] :test log 
2014-07-23 11:57:11 [Info] :test log 
2014-07-23 14:49:13 [Info] :test log 
2014-07-23 14:50:47 [Info] :test log 
2014-07-23 14:52:54 [Info] :test log 
2014-07-23 14:53:15 [Info] :test log 
2014-07-23 14:53:34 [Info] :test log 
2014-07-23 15:30:59 [Info] :test log 
2014-07-23 15:31:17 [Info] :test log 
2014-07-23 15:31:21 [Info] :test log 
2014-07-23 16:52:46 [Info] :begin process. 
2014-07-23 17:02:35 [Info] :begin process. 
2014-07-23 17:02:38 [Info] :begin process. 
2014-07-23 17:03:21 [Info] :begin process. 
2014-07-25 10:06:13 [Info] :test log 
2014-07-25 10:06:57 [Info] :test log 
2014-07-25 10:09:55 [Info] :test log 
2014-07-25 10:10:10 [Info] :test log 
2014-07-25 10:13:53 [Info] :test log 
2014-07-25 10:17:41 [Info] :test log 
2014-07-25 10:24:04 [Info] :test log 
2014-07-25 10:27:11 [Info] :test log 
2014-07-25 10:34:43 [Info] :test log 
2014-07-25 10:35:48 [Info] :test log 
2014-07-25 10:37:03 [Info] :test log 
2014-07-25 10:41:28 [Info] :test log 
2014-07-25 10:42:19 [Info] :test log 
2014-07-25 10:42:35 [Info] :test log 
2014-07-25 10:44:23 [Info] :test log 
2014-07-25 10:47:19 [Info] :test log 
2014-07-25 10:52:14 [Info] :test log 
2014-07-25 10:53:58 [Info] :test log 
2014-07-25 10:55:03 [Info] :test log 
2014-07-25 10:55:24 [Info] :test log 
2014-07-25 10:56:37 [Info] :test log 
2014-07-25 10:57:21 [Info] :test log 
2014-07-25 11:02:19 [Info] :test log 
2014-07-25 11:02:31 [Info] :test log 
2014-07-25 11:02:47 [Info] :test log 
2014-07-30 16:03:27 [Info] :begin process. 
2014-07-30 16:03:27 [Info] :test log 
2014-07-30 16:05:16 [Info] :test log 
2014-07-30 16:08:47 [Info] :test log 
2014-07-30 16:09:39 [Info] :test log 
2014-07-30 16:10:51 [Info] :test log 
2014-07-30 16:23:18 [Info] :test log 
2014-07-30 16:25:44 [Info] :test log 
2014-07-30 16:27:46 [Info] :test log 
2014-07-30 16:28:43 [Info] :test log 
2014-07-30 16:32:18 [Info] :test log 
2014-07-30 16:33:34 [Info] :test log 
2014-07-30 16:33:54 [Info] :test log 
2014-07-30 18:31:39 [Info] :test log 
2014-07-30 18:32:27 [Info] :test log 
2014-07-30 18:52:13 [Info] :test log 
2014-07-30 18:52:39 [Info] :test log 
2014-07-30 18:53:13 [Info] :test log 
2014-07-31 10:54:48 [Info] :begin process. 
2014-07-31 10:54:48 [Info] :test log 
2014-07-31 10:54:50 [Info] :begin process. 
2014-07-31 10:54:57 [Info] :test log 
2014-07-31 10:54:58 [Info] :begin process. 
2014-07-31 10:58:24 [Info] :test log 
2014-07-31 10:58:25 [Info] :begin process. 
2014-07-31 10:58:58 [Info] :begin process. 
2014-07-31 10:58:58 [Info] :test log 
2014-07-31 10:58:58 [Info] :begin process. 
2014-07-31 10:59:35 [Info] :begin process. 
2014-07-31 11:01:55 [Info] :test log 
2014-07-31 11:01:55 [Info] :begin process. 
2014-07-31 15:45:21 [Info] :begin process. 
2014-07-31 15:45:21 [Info] :test log 
2014-07-31 15:45:22 [Info] :begin process. 
2014-07-31 15:49:56 [Info] :test log 
2014-07-31 16:07:04 [Info] :test log 
2014-07-31 17:09:54 [Info] :test log 
2014-07-31 17:11:53 [Info] :test log 
2014-07-31 17:12:17 [Info] :test log 
2014-07-31 17:39:39 [Info] :test log 
2014-07-31 17:40:36 [Info] :test log 
2014-07-31 17:41:31 [Info] :test log 
2014-07-31 18:03:18 [Info] :test log 
2014-07-31 18:05:05 [Info] :test log 
2014-07-31 18:09:40 [Info] :test log 
2014-07-31 18:10:15 [Info] :test log 
2014-07-31 18:11:05 [Info] :test log 
2014-07-31 18:14:07 [Info] :test log 
2014-07-31 18:39:09 [Info] :test log 
2014-07-31 18:39:40 [Info] :test log 
2014-07-31 18:40:08 [Info] :test log 
2014-07-31 18:42:21 [Info] :test log 
2014-07-31 18:42:26 [Info] :test log 
2014-07-31 18:43:41 [Info] :test log 
2014-07-31 18:44:57 [Info] :test log 
2014-07-31 18:46:17 [Info] :test log 
2014-07-31 18:46:21 [Info] :test log 
2014-07-31 18:47:58 [Info] :test log 
2014-07-31 18:50:17 [Info] :test log 
2014-07-31 18:53:44 [Info] :test log 
2014-07-31 18:53:48 [Info] :test log 
2014-07-31 18:54:05 [Info] :test log 
2014-07-31 18:54:32 [Info] :test log 
2014-07-31 18:57:56 [Info] :test log 
2014-07-31 18:58:11 [Info] :test log 
2014-07-31 19:00:41 [Info] :test log 
2014-07-31 19:01:36 [Info] :test log 
2014-07-31 19:02:21 [Info] :test log 
2014-07-31 19:02:24 [Info] :test log 
2014-07-31 19:02:39 [Info] :test log 
2014-07-31 19:02:43 [Info] :test log 
2014-07-31 19:03:37 [Info] :test log 
2014-07-31 19:03:40 [Info] :test log 
2014-07-31 19:03:52 [Info] :test log 
2014-08-01 11:46:16 [Info] :test log 
2014-08-01 11:47:32 [Info] :test log 
2014-08-01 11:47:36 [Info] :test log 
2014-08-01 11:48:00 [Info] :test log 
2014-08-01 11:49:59 [Info] :test log 
2014-08-01 11:50:53 [Info] :test log 
2014-08-01 11:51:28 [Info] :test log 
2014-08-01 11:55:19 [Info] :test log 
2014-08-01 16:21:22 [Info] :test log 
2014-08-01 16:55:52 [Info] :test log 
2014-08-01 16:57:42 [Info] :test log 
2014-08-01 16:58:34 [Info] :test log 
2014-08-01 16:59:34 [Info] :test log 
2014-08-01 16:59:41 [Info] :test log 
2014-08-01 17:00:00 [Info] :test log 
2014-08-01 17:02:26 [Info] :test log 
2014-08-01 17:02:37 [Info] :test log 
2014-08-01 17:02:40 [Info] :test log 
2014-08-01 17:05:06 [Info] :test log 
2014-08-01 17:05:24 [Info] :test log 
2014-08-01 17:06:04 [Info] :test log 
2014-08-01 17:06:18 [Info] :test log 
2014-08-01 17:08:13 [Info] :test log 
2014-08-04 18:20:32 [Info] :test log 
2014-08-04 18:40:48 [Info] :test log 
2014-08-04 18:41:07 [Info] :test log 
2014-08-05 14:31:30 [Info] :test log 
2014-08-05 14:32:40 [Info] :test log 
2014-08-05 14:41:52 [Info] :test log 
2014-08-05 14:42:14 [Info] :test log 
2014-08-05 14:42:28 [Info] :test log 
2014-08-05 14:42:43 [Info] :test log 
2014-08-05 14:43:00 [Info] :test log 
2014-08-05 14:53:36 [Info] :test log 
2014-08-05 14:57:51 [Info] :test log 
2014-08-05 14:58:44 [Info] :test log 
2014-08-05 14:58:50 [Info] :test log 
2014-08-05 15:00:30 [Info] :test log 
2014-08-05 15:02:10 [Info] :test log 
2014-08-05 15:03:08 [Info] :test log 
2014-08-05 15:03:11 [Info] :test log 
2014-08-05 15:03:11 [Info] :test log 
2014-08-05 15:03:32 [Info] :test log 
2014-08-05 15:03:38 [Info] :test log 
2014-08-05 15:04:09 [Info] :test log 
2014-08-05 15:07:18 [Info] :test log 
2014-08-05 15:09:45 [Info] :test log 
2014-08-05 15:09:48 [Info] :test log 
2014-08-05 15:12:40 [Info] :test log 
2014-08-05 15:12:43 [Info] :test log 
2014-08-05 15:13:13 [Info] :test log 
2014-08-05 15:13:36 [Info] :test log 
2014-08-05 15:14:08 [Info] :test log 
2014-08-05 15:14:12 [Info] :test log 
2014-08-05 15:14:54 [Info] :test log 
2014-08-05 15:14:56 [Info] :test log 
2014-08-05 15:15:06 [Info] :test log 
2014-08-05 15:24:33 [Info] :test log 
2014-08-05 15:44:26 [Info] :test log 
2014-08-05 15:46:11 [Info] :test log 
2014-08-05 15:54:47 [Info] :test log 
2014-08-05 15:55:11 [Info] :test log 
2014-08-05 15:56:37 [Info] :test log 
2014-08-05 15:56:47 [Info] :test log 
2014-08-05 16:02:13 [Info] :test log 
2014-08-05 16:09:39 [Info] :test log 
2014-08-05 16:33:54 [Info] :test log 
2014-08-05 16:34:46 [Info] :test log 
2014-08-05 16:34:50 [Info] :test log 
2014-08-05 16:35:46 [Info] :test log 
2014-08-05 16:37:24 [Info] :test log 
2014-08-05 16:39:48 [Info] :test log 
2014-08-05 16:40:56 [Info] :test log 
2014-08-05 16:56:40 [Info] :test log 
2014-08-05 16:57:30 [Info] :test log 
2014-08-05 16:58:00 [Info] :test log 
2014-08-06 14:33:09 [Info] :test log 
2014-08-06 14:41:28 [Info] :test log 
2014-08-06 14:43:19 [Info] :test log 
2014-08-06 14:49:34 [Info] :test log 
2014-08-06 14:50:26 [Info] :test log 
2014-08-06 15:06:47 [Info] :test log 
2014-08-06 15:16:36 [Info] :test log 
2014-08-06 15:17:45 [Info] :test log 
2014-08-06 15:17:55 [Info] :test log 
2014-08-06 15:18:19 [Info] :test log 
2014-08-06 15:18:52 [Info] :test log 
2014-08-06 15:20:13 [Info] :test log 
2014-08-06 15:20:34 [Info] :test log 
2014-08-06 15:22:06 [Info] :test log 
2014-08-06 15:22:16 [Info] :test log 
2014-08-06 15:23:32 [Info] :test log 
2014-08-06 15:33:05 [Info] :test log 
2014-08-06 15:33:44 [Info] :test log 
2014-08-06 15:49:15 [Info] :test log 
2014-08-06 15:50:23 [Info] :test log 
2014-08-06 15:50:48 [Info] :test log 
2014-08-06 15:51:06 [Info] :test log 
2014-08-06 17:38:47 [Info] :test log 
2014-08-07 16:47:11 [Info] :test log 
2014-08-07 16:48:08 [Info] :test log 
2014-08-07 16:49:13 [Info] :test log 
2014-08-07 16:50:14 [Info] :test log 
2014-08-07 16:50:30 [Info] :test log 
2014-08-07 16:50:45 [Info] :test log 
2014-08-07 16:51:00 [Info] :test log 
2014-08-07 17:01:15 [Info] :test log 
2014-08-07 17:01:36 [Info] :test log 
2014-08-07 17:01:59 [Info] :test log 
2014-08-07 17:34:57 [Info] :test log 
2014-08-07 17:35:43 [Info] :test log 
2014-08-07 17:35:58 [Info] :test log 
2014-08-11 13:29:42 [Info] :test log 
2014-08-11 15:15:05 [Info] :test log 
2014-08-11 16:22:12 [Info] :test log 
2014-08-11 16:27:12 [Info] :test log 
2014-08-11 16:27:24 [Info] :test log 
2014-08-11 16:28:39 [Info] :test log 
2014-08-11 16:32:34 [Info] :test log 
2014-08-11 16:35:53 [Info] :test log 
2014-08-11 16:41:53 [Info] :test log 
2014-08-11 16:42:16 [Info] :test log 
2014-08-11 16:42:20 [Info] :test log 
2014-08-11 16:43:06 [Info] :test log 
2014-08-11 16:43:55 [Info] :test log 
2014-08-11 16:44:56 [Info] :test log 
2014-08-11 16:46:20 [Info] :test log 
2014-08-11 16:47:13 [Info] :test log 
2014-08-11 16:47:34 [Info] :test log 
2014-08-11 16:48:05 [Info] :test log 
2014-08-11 16:50:41 [Info] :test log 
2014-08-11 16:50:45 [Info] :test log 
2014-08-11 16:51:05 [Info] :test log 
2014-08-11 16:51:28 [Info] :test log 
2014-08-11 16:52:06 [Info] :test log 
2014-08-11 16:57:16 [Info] :test log 
2014-08-11 16:59:07 [Info] :test log 
2014-08-11 16:59:40 [Info] :test log 
2014-08-11 17:00:20 [Info] :test log 
2014-08-11 17:00:27 [Info] :test log 
2014-08-11 17:00:48 [Info] :test log 
2014-08-11 17:01:40 [Info] :test log 
2014-08-11 17:03:22 [Info] :test log 
2014-08-11 17:05:17 [Info] :test log 
2014-08-11 17:05:35 [Info] :test log 
2014-08-11 17:05:54 [Info] :test log 
2014-08-11 17:07:25 [Info] :test log 
2014-08-11 17:09:05 [Info] :test log 
2014-08-11 17:09:41 [Info] :test log 
2014-08-11 17:10:38 [Info] :test log 
2014-08-11 17:11:02 [Info] :test log 
2014-08-11 17:11:58 [Info] :test log 
2014-08-11 17:13:47 [Info] :test log 
2014-08-11 17:14:03 [Info] :test log 
2014-08-11 17:14:22 [Info] :test log 
2014-08-11 17:15:02 [Info] :test log 
2014-08-11 17:15:13 [Info] :test log 
2014-08-11 17:15:34 [Info] :test log 
2014-08-11 17:16:42 [Info] :test log 
2014-08-11 17:17:53 [Info] :test log 
2014-08-11 17:18:27 [Info] :test log 
2014-08-12 16:41:56 [Info] :test log 
2014-08-12 16:42:19 [Info] :test log 
2014-08-12 16:42:28 [Info] :test log 
2014-08-12 16:44:19 [Info] :test log 
2014-08-12 16:44:47 [Info] :test log 
